07:36:19 **** Build of configuration Debug for project test1 ****
make all 
Building file: ../main.cu
Invoking: NVCC Compiler
/usr/local/cuda-8.0/bin/nvcc -G -g -O0 -gencode arch=compute_50,code=sm_50  -odir "." -M -o "main.d" "../main.cu"
../main.cu:1:20: fatal error: studio.h: 没有那个文件或目录
subdir.mk:18: recipe for target 'main.o' failed
compilation terminated.
make: *** [main.o] Error 1
07:43:00 **** Build of configuration Debug for project test1 ****
make all 
Building file: ../main.cu
Invoking: NVCC Compiler
/usr/local/cuda-8.0/bin/nvcc -G -g -O0 -gencode arch=compute_50,code=sm_50  -odir "." -M -o "main.d" "../main.cu"
/usr/local/cuda-8.0/bin/nvcc -G -g -O0 --compile --relocatable-device-code=false -gencode arch=compute_50,code=compute_50 -gencode arch=compute_50,code=sm_50  -x cu -o  "main.o" "../main.cu"
Finished building: ../main.cu
 
Building target: test1
Invoking: NVCC Linker
/usr/local/cuda-8.0/bin/nvcc --cudart static --relocatable-device-code=false -gencode arch=compute_50,code=compute_50 -gencode arch=compute_50,code=sm_50 -link -o  "test1"  ./main.o   
Finished building target: test1
 
07:43:02 **** Incremental Build of configuration Debug for project test1 ****
make all 
make: Nothing to be done for 'all'.
07:49:22 **** Incremental Build of configuration Debug for project test1 ****
make all 
Building file: ../main.cu
Invoking: NVCC Compiler
/usr/local/cuda-8.0/bin/nvcc -G -g -O0 -gencode arch=compute_50,code=sm_50  -odir "." -M -o "main.d" "../main.cu"
/usr/local/cuda-8.0/bin/nvcc -G -g -O0 --compile --relocatable-device-code=false -gencode arch=compute_50,code=compute_50 -gencode arch=compute_50,code=sm_50  -x cu -o  "main.o" "../main.cu"
Finished building: ../main.cu
 
Building target: test1
Invoking: NVCC Linker
/usr/local/cuda-8.0/bin/nvcc --cudart static --relocatable-device-code=false -gencode arch=compute_50,code=compute_50 -gencode arch=compute_50,code=sm_50 -link -o  "test1"  ./main.o   
Finished building target: test1
 
07:55:16 **** Incremental Build of configuration Debug for project test1 ****
make all 
Building file: ../main.cu
Invoking: NVCC Compiler
/usr/local/cuda-8.0/bin/nvcc -G -g -O0 -gencode arch=compute_50,code=sm_50  -odir "." -M -o "main.d" "../main.cu"
/usr/local/cuda-8.0/bin/nvcc -G -g -O0 --compile --relocatable-device-code=false -gencode arch=compute_50,code=compute_50 -gencode arch=compute_50,code=sm_50  -x cu -o  "main.o" "../main.cu"
Finished building: ../main.cu
 
Building target: test1
Invoking: NVCC Linker
/usr/local/cuda-8.0/bin/nvcc --cudart static --relocatable-device-code=false -gencode arch=compute_50,code=compute_50 -gencode arch=compute_50,code=sm_50 -link -o  "test1"  ./main.o   
Finished building target: test1
 
